{"C:\\Users\\guilh\\Desktop\\Projetos\\03-ig-news\\src\\components\\ActiveLink\\index.tsx": {"path":"C:\\Users\\guilh\\Desktop\\Projetos\\03-ig-news\\src\\components\\ActiveLink\\index.tsx","statementMap":{"0":{"start":{"line":14,"column":23},"end":{"line":14,"column":34}},"1":{"start":{"line":17,"column":6},"end":{"line":19,"column":12}},"2":{"start":{"line":21,"column":2},"end":{"line":27,"column":3}}},"fnMap":{"0":{"name":"ActiveLink","decl":{"start":{"line":10,"column":16},"end":{"line":10,"column":26}},"loc":{"start":{"line":13,"column":30},"end":{"line":28,"column":1}},"line":13}},"branchMap":{"0":{"loc":{"start":{"line":17,"column":6},"end":{"line":19,"column":12}},"type":"cond-expr","locations":[{"start":{"line":18,"column":10},"end":{"line":18,"column":25}},{"start":{"line":19,"column":10},"end":{"line":19,"column":12}}],"line":17}},"s":{"0":4,"1":4,"2":4},"f":{"0":4},"b":{"0":[3,1]},"_coverageSchema":"1a1c01bbd47fc00a2c39e90264f33305004495a9","hash":"65009b0130bcbebca2ffd0a8e6ca73aec8b54eb6"}
,"C:\\Users\\guilh\\Desktop\\Projetos\\03-ig-news\\src\\components\\Header\\index.tsx": {"path":"C:\\Users\\guilh\\Desktop\\Projetos\\03-ig-news\\src\\components\\Header\\index.tsx","statementMap":{"0":{"start":{"line":7,"column":2},"end":{"line":22,"column":3}}},"fnMap":{"0":{"name":"Header","decl":{"start":{"line":6,"column":16},"end":{"line":6,"column":22}},"loc":{"start":{"line":6,"column":25},"end":{"line":23,"column":1}},"line":6}},"branchMap":{},"s":{"0":1},"f":{"0":1},"b":{},"_coverageSchema":"1a1c01bbd47fc00a2c39e90264f33305004495a9","hash":"6d222c1e924338d5b7c3640d22c9ffd7237f1796"}
,"C:\\Users\\guilh\\Desktop\\Projetos\\03-ig-news\\src\\components\\SignInButton\\index.tsx": {"path":"C:\\Users\\guilh\\Desktop\\Projetos\\03-ig-news\\src\\components\\SignInButton\\index.tsx","statementMap":{"0":{"start":{"line":7,"column":20},"end":{"line":7,"column":32}},"1":{"start":{"line":9,"column":2},"end":{"line":28,"column":4}},"2":{"start":{"line":13,"column":21},"end":{"line":13,"column":30}},"3":{"start":{"line":23,"column":21},"end":{"line":23,"column":37}}},"fnMap":{"0":{"name":"SignInButton","decl":{"start":{"line":6,"column":16},"end":{"line":6,"column":28}},"loc":{"start":{"line":6,"column":31},"end":{"line":29,"column":1}},"line":6},"1":{"name":"(anonymous_1)","decl":{"start":{"line":13,"column":15},"end":{"line":13,"column":16}},"loc":{"start":{"line":13,"column":21},"end":{"line":13,"column":30}},"line":13},"2":{"name":"(anonymous_2)","decl":{"start":{"line":23,"column":15},"end":{"line":23,"column":16}},"loc":{"start":{"line":23,"column":21},"end":{"line":23,"column":37}},"line":23}},"branchMap":{"0":{"loc":{"start":{"line":9,"column":9},"end":{"line":28,"column":3}},"type":"cond-expr","locations":[{"start":{"line":10,"column":4},"end":{"line":18,"column":13}},{"start":{"line":20,"column":4},"end":{"line":27,"column":13}}],"line":9}},"s":{"0":3,"1":3,"2":0,"3":0},"f":{"0":3,"1":0,"2":0},"b":{"0":[1,2]},"_coverageSchema":"1a1c01bbd47fc00a2c39e90264f33305004495a9","hash":"8d802d9e97dbd39ad7a28b6e4690d38f2a959879"}
,"C:\\Users\\guilh\\Desktop\\Projetos\\03-ig-news\\src\\components\\SubscribeButton\\index.tsx": {"path":"C:\\Users\\guilh\\Desktop\\Projetos\\03-ig-news\\src\\components\\SubscribeButton\\index.tsx","statementMap":{"0":{"start":{"line":8,"column":20},"end":{"line":8,"column":32}},"1":{"start":{"line":9,"column":17},"end":{"line":9,"column":28}},"2":{"start":{"line":12,"column":4},"end":{"line":15,"column":5}},"3":{"start":{"line":13,"column":6},"end":{"line":13,"column":23}},"4":{"start":{"line":14,"column":6},"end":{"line":14,"column":13}},"5":{"start":{"line":17,"column":4},"end":{"line":20,"column":5}},"6":{"start":{"line":18,"column":6},"end":{"line":18,"column":28}},"7":{"start":{"line":19,"column":6},"end":{"line":19,"column":13}},"8":{"start":{"line":22,"column":4},"end":{"line":32,"column":5}},"9":{"start":{"line":23,"column":23},"end":{"line":23,"column":51}},"10":{"start":{"line":25,"column":28},"end":{"line":25,"column":41}},"11":{"start":{"line":27,"column":21},"end":{"line":27,"column":40}},"12":{"start":{"line":29,"column":6},"end":{"line":29,"column":53}},"13":{"start":{"line":31,"column":6},"end":{"line":31,"column":25}},"14":{"start":{"line":35,"column":2},"end":{"line":43,"column":4}}},"fnMap":{"0":{"name":"SubscribeButton","decl":{"start":{"line":7,"column":16},"end":{"line":7,"column":31}},"loc":{"start":{"line":7,"column":34},"end":{"line":44,"column":1}},"line":7},"1":{"name":"handleSubscribe","decl":{"start":{"line":11,"column":17},"end":{"line":11,"column":32}},"loc":{"start":{"line":11,"column":35},"end":{"line":33,"column":3}},"line":11}},"branchMap":{"0":{"loc":{"start":{"line":12,"column":4},"end":{"line":15,"column":5}},"type":"if","locations":[{"start":{"line":12,"column":4},"end":{"line":15,"column":5}},{"start":{},"end":{}}],"line":12},"1":{"loc":{"start":{"line":17,"column":4},"end":{"line":20,"column":5}},"type":"if","locations":[{"start":{"line":17,"column":4},"end":{"line":20,"column":5}},{"start":{},"end":{}}],"line":17}},"s":{"0":4,"1":4,"2":2,"3":1,"4":1,"5":1,"6":1,"7":1,"8":0,"9":0,"10":0,"11":0,"12":0,"13":0,"14":4},"f":{"0":4,"1":2},"b":{"0":[1,1],"1":[1,0]},"_coverageSchema":"1a1c01bbd47fc00a2c39e90264f33305004495a9","hash":"3cab31a737cade64ab9e88443aa11caef0a593cf"}
,"C:\\Users\\guilh\\Desktop\\Projetos\\03-ig-news\\src\\pages\\index.tsx": {"path":"C:\\Users\\guilh\\Desktop\\Projetos\\03-ig-news\\src\\pages\\index.tsx","statementMap":{"0":{"start":{"line":18,"column":2},"end":{"line":39,"column":4}},"1":{"start":{"line":42,"column":46},"end":{"line":59,"column":1}},"2":{"start":{"line":43,"column":16},"end":{"line":43,"column":78}},"3":{"start":{"line":45,"column":18},"end":{"line":51,"column":3}},"4":{"start":{"line":53,"column":2},"end":{"line":58,"column":4}}},"fnMap":{"0":{"name":"Home","decl":{"start":{"line":17,"column":24},"end":{"line":17,"column":28}},"loc":{"start":{"line":17,"column":53},"end":{"line":40,"column":1}},"line":17},"1":{"name":"(anonymous_1)","decl":{"start":{"line":42,"column":46},"end":{"line":42,"column":47}},"loc":{"start":{"line":42,"column":58},"end":{"line":59,"column":1}},"line":42}},"branchMap":{},"s":{"0":1,"1":1,"2":1,"3":1,"4":1},"f":{"0":1,"1":1},"b":{},"_coverageSchema":"1a1c01bbd47fc00a2c39e90264f33305004495a9","hash":"5ad0f93766fc0da7d343370d6ad7592e6e53d7cd"}
,"C:\\Users\\guilh\\Desktop\\Projetos\\03-ig-news\\src\\pages\\posts\\[slug].tsx": {"path":"C:\\Users\\guilh\\Desktop\\Projetos\\03-ig-news\\src\\pages\\posts\\[slug].tsx","statementMap":{"0":{"start":{"line":19,"column":2},"end":{"line":35,"column":4}},"1":{"start":{"line":38,"column":54},"end":{"line":77,"column":1}},"2":{"start":{"line":42,"column":18},"end":{"line":42,"column":43}},"3":{"start":{"line":43,"column":19},"end":{"line":43,"column":25}},"4":{"start":{"line":45,"column":2},"end":{"line":52,"column":3}},"5":{"start":{"line":46,"column":4},"end":{"line":51,"column":6}},"6":{"start":{"line":54,"column":18},"end":{"line":54,"column":39}},"7":{"start":{"line":56,"column":19},"end":{"line":56,"column":67}},"8":{"start":{"line":58,"column":15},"end":{"line":70,"column":3}},"9":{"start":{"line":72,"column":2},"end":{"line":76,"column":4}}},"fnMap":{"0":{"name":"Post","decl":{"start":{"line":18,"column":24},"end":{"line":18,"column":28}},"loc":{"start":{"line":18,"column":50},"end":{"line":36,"column":1}},"line":18},"1":{"name":"(anonymous_1)","decl":{"start":{"line":38,"column":54},"end":{"line":38,"column":55}},"loc":{"start":{"line":41,"column":6},"end":{"line":77,"column":1}},"line":41}},"branchMap":{"0":{"loc":{"start":{"line":45,"column":2},"end":{"line":52,"column":3}},"type":"if","locations":[{"start":{"line":45,"column":2},"end":{"line":52,"column":3}},{"start":{},"end":{}}],"line":45}},"s":{"0":1,"1":1,"2":2,"3":2,"4":2,"5":1,"6":1,"7":1,"8":1,"9":1},"f":{"0":1,"1":2},"b":{"0":[1,1]},"_coverageSchema":"1a1c01bbd47fc00a2c39e90264f33305004495a9","hash":"c177bf2b3b7fc52d0b0a291c8e8b6cd7cd95d2a4"}
,"C:\\Users\\guilh\\Desktop\\Projetos\\03-ig-news\\src\\pages\\posts\\index.tsx": {"path":"C:\\Users\\guilh\\Desktop\\Projetos\\03-ig-news\\src\\pages\\posts\\index.tsx","statementMap":{"0":{"start":{"line":21,"column":2},"end":{"line":40,"column":4}},"1":{"start":{"line":29,"column":12},"end":{"line":35,"column":19}},"2":{"start":{"line":43,"column":46},"end":{"line":77,"column":1}},"3":{"start":{"line":44,"column":18},"end":{"line":44,"column":36}},"4":{"start":{"line":46,"column":19},"end":{"line":52,"column":3}},"5":{"start":{"line":54,"column":16},"end":{"line":70,"column":4}},"6":{"start":{"line":55,"column":4},"end":{"line":69,"column":6}},"7":{"start":{"line":59,"column":44},"end":{"line":59,"column":72}},"8":{"start":{"line":72,"column":2},"end":{"line":76,"column":4}}},"fnMap":{"0":{"name":"Posts","decl":{"start":{"line":20,"column":24},"end":{"line":20,"column":29}},"loc":{"start":{"line":20,"column":53},"end":{"line":41,"column":1}},"line":20},"1":{"name":"(anonymous_1)","decl":{"start":{"line":28,"column":21},"end":{"line":28,"column":22}},"loc":{"start":{"line":29,"column":12},"end":{"line":35,"column":19}},"line":29},"2":{"name":"(anonymous_2)","decl":{"start":{"line":43,"column":46},"end":{"line":43,"column":47}},"loc":{"start":{"line":43,"column":58},"end":{"line":77,"column":1}},"line":43},"3":{"name":"(anonymous_3)","decl":{"start":{"line":54,"column":37},"end":{"line":54,"column":38}},"loc":{"start":{"line":54,"column":47},"end":{"line":70,"column":3}},"line":54},"4":{"name":"(anonymous_4)","decl":{"start":{"line":59,"column":31},"end":{"line":59,"column":32}},"loc":{"start":{"line":59,"column":44},"end":{"line":59,"column":72}},"line":59}},"branchMap":{"0":{"loc":{"start":{"line":59,"column":8},"end":{"line":60,"column":22}},"type":"binary-expr","locations":[{"start":{"line":59,"column":8},"end":{"line":60,"column":16}},{"start":{"line":60,"column":20},"end":{"line":60,"column":22}}],"line":59}},"s":{"0":1,"1":1,"2":1,"3":1,"4":1,"5":1,"6":1,"7":1,"8":1},"f":{"0":1,"1":1,"2":1,"3":1,"4":1},"b":{"0":[1,0]},"_coverageSchema":"1a1c01bbd47fc00a2c39e90264f33305004495a9","hash":"c0e6f091a463ca8ce693c99db67229f89afb1954"}
,"C:\\Users\\guilh\\Desktop\\Projetos\\03-ig-news\\src\\pages\\posts\\preview\\[slug].tsx": {"path":"C:\\Users\\guilh\\Desktop\\Projetos\\03-ig-news\\src\\pages\\posts\\preview\\[slug].tsx","statementMap":{"0":{"start":{"line":22,"column":20},"end":{"line":22,"column":32}},"1":{"start":{"line":23,"column":17},"end":{"line":23,"column":28}},"2":{"start":{"line":25,"column":2},"end":{"line":29,"column":16}},"3":{"start":{"line":26,"column":4},"end":{"line":28,"column":5}},"4":{"start":{"line":27,"column":6},"end":{"line":27,"column":41}},"5":{"start":{"line":31,"column":2},"end":{"line":54,"column":4}},"6":{"start":{"line":57,"column":46},"end":{"line":62,"column":1}},"7":{"start":{"line":58,"column":2},"end":{"line":61,"column":4}},"8":{"start":{"line":64,"column":46},"end":{"line":91,"column":1}},"9":{"start":{"line":65,"column":19},"end":{"line":65,"column":25}},"10":{"start":{"line":67,"column":18},"end":{"line":67,"column":36}},"11":{"start":{"line":69,"column":19},"end":{"line":69,"column":67}},"12":{"start":{"line":71,"column":15},"end":{"line":83,"column":3}},"13":{"start":{"line":85,"column":2},"end":{"line":90,"column":4}}},"fnMap":{"0":{"name":"PostPreview","decl":{"start":{"line":21,"column":24},"end":{"line":21,"column":35}},"loc":{"start":{"line":21,"column":64},"end":{"line":55,"column":1}},"line":21},"1":{"name":"(anonymous_1)","decl":{"start":{"line":25,"column":12},"end":{"line":25,"column":13}},"loc":{"start":{"line":25,"column":18},"end":{"line":29,"column":3}},"line":25},"2":{"name":"(anonymous_2)","decl":{"start":{"line":57,"column":46},"end":{"line":57,"column":47}},"loc":{"start":{"line":57,"column":58},"end":{"line":62,"column":1}},"line":57},"3":{"name":"(anonymous_3)","decl":{"start":{"line":64,"column":46},"end":{"line":64,"column":47}},"loc":{"start":{"line":64,"column":68},"end":{"line":91,"column":1}},"line":64}},"branchMap":{"0":{"loc":{"start":{"line":26,"column":4},"end":{"line":28,"column":5}},"type":"if","locations":[{"start":{"line":26,"column":4},"end":{"line":28,"column":5}},{"start":{},"end":{}}],"line":26}},"s":{"0":2,"1":2,"2":2,"3":2,"4":1,"5":2,"6":1,"7":0,"8":1,"9":1,"10":1,"11":1,"12":1,"13":1},"f":{"0":2,"1":2,"2":0,"3":1},"b":{"0":[1,1]},"_coverageSchema":"1a1c01bbd47fc00a2c39e90264f33305004495a9","hash":"d63c550f9674d2ef7c48789a12cc15c560092231"}
,"C:\\Users\\guilh\\Desktop\\Projetos\\03-ig-news\\src\\services\\prismic.ts": {"path":"C:\\Users\\guilh\\Desktop\\Projetos\\03-ig-news\\src\\services\\prismic.ts","statementMap":{"0":{"start":{"line":3,"column":20},"end":{"line":3,"column":61}},"1":{"start":{"line":5,"column":20},"end":{"line":5,"column":52}},"2":{"start":{"line":8,"column":18},"end":{"line":10,"column":4}},"3":{"start":{"line":12,"column":2},"end":{"line":12,"column":17}}},"fnMap":{"0":{"name":"getPrismicClient","decl":{"start":{"line":7,"column":16},"end":{"line":7,"column":32}},"loc":{"start":{"line":7,"column":48},"end":{"line":13,"column":1}},"line":7}},"branchMap":{},"s":{"0":3,"1":3,"2":0,"3":0},"f":{"0":0},"b":{},"_coverageSchema":"1a1c01bbd47fc00a2c39e90264f33305004495a9","hash":"b9d06a71e8e46fe19d0ae18eb3223aaaeaffe899"}
,"C:\\Users\\guilh\\Desktop\\Projetos\\03-ig-news\\src\\services\\stripe.ts": {"path":"C:\\Users\\guilh\\Desktop\\Projetos\\03-ig-news\\src\\services\\stripe.ts","statementMap":{"0":{"start":{"line":3,"column":22},"end":{"line":9,"column":2}}},"fnMap":{},"branchMap":{},"s":{"0":1},"f":{},"b":{},"_coverageSchema":"1a1c01bbd47fc00a2c39e90264f33305004495a9","hash":"caf3cae5b62fcb747d9292f6c9d4b5a8851658ba"}
}
