TN:
SF:src\components\ActiveLink\index.tsx
FN:10,ActiveLink
FNF:1
FNH:1
FNDA:4,ActiveLink
DA:14,4
DA:17,4
DA:21,4
LF:3
LH:3
BRDA:17,0,0,3
BRDA:17,0,1,1
BRF:2
BRH:2
end_of_record
TN:
SF:src\components\Header\index.tsx
FN:6,Header
FNF:1
FNH:1
FNDA:1,Header
DA:7,1
LF:1
LH:1
BRF:0
BRH:0
end_of_record
TN:
SF:src\components\SignInButton\index.tsx
FN:6,SignInButton
FN:13,(anonymous_1)
FN:23,(anonymous_2)
FNF:3
FNH:1
FNDA:3,SignInButton
FNDA:0,(anonymous_1)
FNDA:0,(anonymous_2)
DA:7,3
DA:9,3
DA:13,0
DA:23,0
LF:4
LH:2
BRDA:9,0,0,1
BRDA:9,0,1,2
BRF:2
BRH:2
end_of_record
TN:
SF:src\components\SubscribeButton\index.tsx
FN:7,SubscribeButton
FN:11,handleSubscribe
FNF:2
FNH:2
FNDA:4,SubscribeButton
FNDA:2,handleSubscribe
DA:8,4
DA:9,4
DA:12,2
DA:13,1
DA:14,1
DA:17,1
DA:18,1
DA:19,1
DA:22,0
DA:23,0
DA:25,0
DA:27,0
DA:29,0
DA:31,0
DA:35,4
LF:15
LH:9
BRDA:12,0,0,1
BRDA:12,0,1,1
BRDA:17,1,0,1
BRDA:17,1,1,0
BRF:4
BRH:3
end_of_record
TN:
SF:src\pages\index.tsx
FN:17,Home
FN:42,(anonymous_1)
FNF:2
FNH:2
FNDA:1,Home
FNDA:1,(anonymous_1)
DA:18,1
DA:42,1
DA:43,1
DA:45,1
DA:53,1
LF:5
LH:5
BRF:0
BRH:0
end_of_record
TN:
SF:src\pages\posts\[slug].tsx
FN:18,Post
FN:38,(anonymous_1)
FNF:2
FNH:2
FNDA:1,Post
FNDA:2,(anonymous_1)
DA:19,1
DA:38,1
DA:42,2
DA:43,2
DA:45,2
DA:46,1
DA:54,1
DA:56,1
DA:58,1
DA:72,1
LF:10
LH:10
BRDA:45,0,0,1
BRDA:45,0,1,1
BRF:2
BRH:2
end_of_record
TN:
SF:src\pages\posts\index.tsx
FN:20,Posts
FN:28,(anonymous_1)
FN:43,(anonymous_2)
FN:54,(anonymous_3)
FN:59,(anonymous_4)
FNF:5
FNH:5
FNDA:1,Posts
FNDA:1,(anonymous_1)
FNDA:1,(anonymous_2)
FNDA:1,(anonymous_3)
FNDA:1,(anonymous_4)
DA:21,1
DA:29,1
DA:43,1
DA:44,1
DA:46,1
DA:54,1
DA:55,1
DA:59,1
DA:72,1
LF:9
LH:9
BRDA:59,0,0,1
BRDA:59,0,1,0
BRF:2
BRH:1
end_of_record
TN:
SF:src\pages\posts\preview\[slug].tsx
FN:21,PostPreview
FN:25,(anonymous_1)
FN:57,(anonymous_2)
FN:64,(anonymous_3)
FNF:4
FNH:3
FNDA:2,PostPreview
FNDA:2,(anonymous_1)
FNDA:0,(anonymous_2)
FNDA:1,(anonymous_3)
DA:22,2
DA:23,2
DA:25,2
DA:26,2
DA:27,1
DA:31,2
DA:57,1
DA:58,0
DA:64,1
DA:65,1
DA:67,1
DA:69,1
DA:71,1
DA:85,1
LF:14
LH:13
BRDA:26,0,0,1
BRDA:26,0,1,1
BRF:2
BRH:2
end_of_record
TN:
SF:src\services\prismic.ts
FN:7,getPrismicClient
FNF:1
FNH:0
FNDA:0,getPrismicClient
DA:3,3
DA:5,3
DA:8,0
DA:12,0
LF:4
LH:2
BRF:0
BRH:0
end_of_record
TN:
SF:src\services\stripe.ts
FNF:0
FNH:0
DA:3,1
LF:1
LH:1
BRF:0
BRH:0
end_of_record
